{
  "numTotalTestSuites": 40,
  "numPassedTestSuites": 40,
  "numFailedTestSuites": 0,
  "numPendingTestSuites": 0,
  "numTotalTests": 92,
  "numPassedTests": 92,
  "numFailedTests": 0,
  "numPendingTests": 0,
  "numTodoTests": 0,
  "snapshot": {
    "added": 0,
    "failure": false,
    "filesAdded": 0,
    "filesRemoved": 0,
    "filesRemovedList": [],
    "filesUnmatched": 0,
    "filesUpdated": 0,
    "matched": 0,
    "total": 0,
    "unchecked": 0,
    "uncheckedKeysByFile": [],
    "unmatched": 0,
    "updated": 0,
    "didUpdate": false
  },
  "startTime": 1769171735194,
  "success": true,
  "testResults": [
    {
      "assertionResults": [
        {
          "ancestorTitles": ["TerraPet About Page Component Tests", "Page Structure"],
          "fullName": "TerraPet About Page Component Tests Page Structure should render the about page without errors",
          "status": "passed",
          "title": "should render the about page without errors",
          "duration": 49.97550000000001,
          "failureMessages": [],
          "meta": {}
        },
        {
          "ancestorTitles": ["TerraPet About Page Component Tests", "Page Structure"],
          "fullName": "TerraPet About Page Component Tests Page Structure should call getClinicData with correct clinic slug",
          "status": "passed",
          "title": "should call getClinicData with correct clinic slug",
          "duration": 2.147100000000137,
          "failureMessages": [],
          "meta": {}
        },
        {
          "ancestorTitles": ["TerraPet About Page Component Tests", "Intro Section"],
          "fullName": "TerraPet About Page Component Tests Intro Section should render about intro title",
          "status": "passed",
          "title": "should render about intro title",
          "duration": 26.389499999999998,
          "failureMessages": [],
          "meta": {}
        },
        {
          "ancestorTitles": ["TerraPet About Page Component Tests", "Intro Section"],
          "fullName": "TerraPet About Page Component Tests Intro Section should render about intro text",
          "status": "passed",
          "title": "should render about intro text",
          "duration": 19.105800000000045,
          "failureMessages": [],
          "meta": {}
        },
        {
          "ancestorTitles": ["TerraPet About Page Component Tests", "Mission Section"],
          "fullName": "TerraPet About Page Component Tests Mission Section should render mission title",
          "status": "passed",
          "title": "should render mission title",
          "duration": 25.961499999999887,
          "failureMessages": [],
          "meta": {}
        },
        {
          "ancestorTitles": ["TerraPet About Page Component Tests", "Mission Section"],
          "fullName": "TerraPet About Page Component Tests Mission Section should render mission text",
          "status": "passed",
          "title": "should render mission text",
          "duration": 20.873199999999997,
          "failureMessages": [],
          "meta": {}
        },
        {
          "ancestorTitles": ["TerraPet About Page Component Tests", "Company Values Section"],
          "fullName": "TerraPet About Page Component Tests Company Values Section should render all 3 company values",
          "status": "passed",
          "title": "should render all 3 company values",
          "duration": 22.46510000000012,
          "failureMessages": [],
          "meta": {}
        },
        {
          "ancestorTitles": ["TerraPet About Page Component Tests", "Company Values Section"],
          "fullName": "TerraPet About Page Component Tests Company Values Section should render Mejor Trato value description",
          "status": "passed",
          "title": "should render Mejor Trato value description",
          "duration": 19.19119999999998,
          "failureMessages": [],
          "meta": {}
        },
        {
          "ancestorTitles": ["TerraPet About Page Component Tests", "Company Values Section"],
          "fullName": "TerraPet About Page Component Tests Company Values Section should render Precios Accesibles value description",
          "status": "passed",
          "title": "should render Precios Accesibles value description",
          "duration": 18.09779999999978,
          "failureMessages": [],
          "meta": {}
        },
        {
          "ancestorTitles": ["TerraPet About Page Component Tests", "Company Values Section"],
          "fullName": "TerraPet About Page Component Tests Company Values Section should render Atención a Domicilio value description",
          "status": "passed",
          "title": "should render Atención a Domicilio value description",
          "duration": 13.996600000000171,
          "failureMessages": [],
          "meta": {}
        },
        {
          "ancestorTitles": ["TerraPet About Page Component Tests", "Team Section"],
          "fullName": "TerraPet About Page Component Tests Team Section should render Dr. Gill profile",
          "status": "passed",
          "title": "should render Dr. Gill profile",
          "duration": 19.449800000000096,
          "failureMessages": [],
          "meta": {}
        },
        {
          "ancestorTitles": ["TerraPet About Page Component Tests", "Team Section"],
          "fullName": "TerraPet About Page Component Tests Team Section should render Dr. Gill role",
          "status": "passed",
          "title": "should render Dr. Gill role",
          "duration": 11.515800000000127,
          "failureMessages": [],
          "meta": {}
        },
        {
          "ancestorTitles": ["TerraPet About Page Component Tests", "Team Section"],
          "fullName": "TerraPet About Page Component Tests Team Section should render team member card component",
          "status": "passed",
          "title": "should render team member card component",
          "duration": 9.012500000000045,
          "failureMessages": [],
          "meta": {}
        },
        {
          "ancestorTitles": ["TerraPet About Page Component Tests", "Spanish Language Content"],
          "fullName": "TerraPet About Page Component Tests Spanish Language Content should display all content in Spanish",
          "status": "passed",
          "title": "should display all content in Spanish",
          "duration": 15.868799999999965,
          "failureMessages": [],
          "meta": {}
        },
        {
          "ancestorTitles": ["TerraPet About Page Component Tests", "Error Handling"],
          "fullName": "TerraPet About Page Component Tests Error Handling should handle missing clinic data gracefully",
          "status": "passed",
          "title": "should handle missing clinic data gracefully",
          "duration": 1.1403999999999996,
          "failureMessages": [],
          "meta": {}
        }
      ],
      "startTime": 1769171737204,
      "endTime": 1769171737480.1404,
      "status": "passed",
      "message": "",
      "name": "C:/Users/Alejandro/Documents/Ivan/Adris/Vete/web/tests/components/terrapet-about.test.tsx"
    },
    {
      "assertionResults": [
        {
          "ancestorTitles": ["TerraPet FAQ Page Component Tests", "Page Structure"],
          "fullName": "TerraPet FAQ Page Component Tests Page Structure should render the FAQ page without errors",
          "status": "passed",
          "title": "should render the FAQ page without errors",
          "duration": 49.176499999999805,
          "failureMessages": [],
          "meta": {}
        },
        {
          "ancestorTitles": ["TerraPet FAQ Page Component Tests", "Page Structure"],
          "fullName": "TerraPet FAQ Page Component Tests Page Structure should call getClinicData with correct clinic slug",
          "status": "passed",
          "title": "should call getClinicData with correct clinic slug",
          "duration": 1.5161000000000513,
          "failureMessages": [],
          "meta": {}
        },
        {
          "ancestorTitles": ["TerraPet FAQ Page Component Tests", "Page Structure"],
          "fullName": "TerraPet FAQ Page Component Tests Page Structure should render hero section with title and description",
          "status": "passed",
          "title": "should render hero section with title and description",
          "duration": 15.213399999999865,
          "failureMessages": [],
          "meta": {}
        },
        {
          "ancestorTitles": ["TerraPet FAQ Page Component Tests", "FAQ Items"],
          "fullName": "TerraPet FAQ Page Component Tests FAQ Items should render all 12 FAQ items",
          "status": "passed",
          "title": "should render all 12 FAQ items",
          "duration": 10.670299999999997,
          "failureMessages": [],
          "meta": {}
        },
        {
          "ancestorTitles": ["TerraPet FAQ Page Component Tests", "FAQ Items"],
          "fullName": "TerraPet FAQ Page Component Tests FAQ Items should render appointment FAQ",
          "status": "passed",
          "title": "should render appointment FAQ",
          "duration": 20.89330000000018,
          "failureMessages": [],
          "meta": {}
        },
        {
          "ancestorTitles": ["TerraPet FAQ Page Component Tests", "FAQ Items"],
          "fullName": "TerraPet FAQ Page Component Tests FAQ Items should render animals FAQ",
          "status": "passed",
          "title": "should render animals FAQ",
          "duration": 12.07120000000009,
          "failureMessages": [],
          "meta": {}
        },
        {
          "ancestorTitles": ["TerraPet FAQ Page Component Tests", "FAQ Items"],
          "fullName": "TerraPet FAQ Page Component Tests FAQ Items should render payment methods FAQ",
          "status": "passed",
          "title": "should render payment methods FAQ",
          "duration": 12.49109999999996,
          "failureMessages": [],
          "meta": {}
        },
        {
          "ancestorTitles": ["TerraPet FAQ Page Component Tests", "FAQ Items"],
          "fullName": "TerraPet FAQ Page Component Tests FAQ Items should render vaccines FAQ",
          "status": "passed",
          "title": "should render vaccines FAQ",
          "duration": 16.092300000000023,
          "failureMessages": [],
          "meta": {}
        },
        {
          "ancestorTitles": ["TerraPet FAQ Page Component Tests", "FAQ Items"],
          "fullName": "TerraPet FAQ Page Component Tests FAQ Items should render hours FAQ",
          "status": "passed",
          "title": "should render hours FAQ",
          "duration": 14.92730000000006,
          "failureMessages": [],
          "meta": {}
        },
        {
          "ancestorTitles": ["TerraPet FAQ Page Component Tests", "FAQ Items"],
          "fullName": "TerraPet FAQ Page Component Tests FAQ Items should render home visits FAQ",
          "status": "passed",
          "title": "should render home visits FAQ",
          "duration": 13.782699999999977,
          "failureMessages": [],
          "meta": {}
        },
        {
          "ancestorTitles": ["TerraPet FAQ Page Component Tests", "FAQ Categories"],
          "fullName": "TerraPet FAQ Page Component Tests FAQ Categories should identify all unique FAQ categories",
          "status": "passed",
          "title": "should identify all unique FAQ categories",
          "duration": 11.69159999999988,
          "failureMessages": [],
          "meta": {}
        },
        {
          "ancestorTitles": ["TerraPet FAQ Page Component Tests", "Contact Section"],
          "fullName": "TerraPet FAQ Page Component Tests Contact Section should render \"Still have questions?\" section",
          "status": "passed",
          "title": "should render \"Still have questions?\" section",
          "duration": 13.902499999999918,
          "failureMessages": [],
          "meta": {}
        },
        {
          "ancestorTitles": ["TerraPet FAQ Page Component Tests", "Contact Section"],
          "fullName": "TerraPet FAQ Page Component Tests Contact Section should render WhatsApp contact button",
          "status": "passed",
          "title": "should render WhatsApp contact button",
          "duration": 15.173700000000053,
          "failureMessages": [],
          "meta": {}
        },
        {
          "ancestorTitles": ["TerraPet FAQ Page Component Tests", "Contact Section"],
          "fullName": "TerraPet FAQ Page Component Tests Contact Section should render phone contact button with display number",
          "status": "passed",
          "title": "should render phone contact button with display number",
          "duration": 6.712300000000141,
          "failureMessages": [],
          "meta": {}
        },
        {
          "ancestorTitles": ["TerraPet FAQ Page Component Tests", "Contact Section"],
          "fullName": "TerraPet FAQ Page Component Tests Contact Section should render email contact button",
          "status": "passed",
          "title": "should render email contact button",
          "duration": 6.888500000000022,
          "failureMessages": [],
          "meta": {}
        },
        {
          "ancestorTitles": ["TerraPet FAQ Page Component Tests", "Spanish Language Content"],
          "fullName": "TerraPet FAQ Page Component Tests Spanish Language Content should display all content in Spanish",
          "status": "passed",
          "title": "should display all content in Spanish",
          "duration": 15.257100000000037,
          "failureMessages": [],
          "meta": {}
        },
        {
          "ancestorTitles": ["TerraPet FAQ Page Component Tests", "Error Handling"],
          "fullName": "TerraPet FAQ Page Component Tests Error Handling should handle missing clinic data gracefully",
          "status": "passed",
          "title": "should handle missing clinic data gracefully",
          "duration": 1.5333000000000538,
          "failureMessages": [],
          "meta": {}
        }
      ],
      "startTime": 1769171737176,
      "endTime": 1769171737414.5332,
      "status": "passed",
      "message": "",
      "name": "C:/Users/Alejandro/Documents/Ivan/Adris/Vete/web/tests/components/terrapet-faq.test.tsx"
    },
    {
      "assertionResults": [
        {
          "ancestorTitles": ["TerraPet Homepage Component Tests", "Component Rendering"],
          "fullName": "TerraPet Homepage Component Tests Component Rendering should render the homepage without errors",
          "status": "passed",
          "title": "should render the homepage without errors",
          "duration": 36.192400000000134,
          "failureMessages": [],
          "meta": {}
        },
        {
          "ancestorTitles": ["TerraPet Homepage Component Tests", "Component Rendering"],
          "fullName": "TerraPet Homepage Component Tests Component Rendering should call getClinicData with correct clinic slug",
          "status": "passed",
          "title": "should call getClinicData with correct clinic slug",
          "duration": 2.3127999999999247,
          "failureMessages": [],
          "meta": {}
        },
        {
          "ancestorTitles": ["TerraPet Homepage Component Tests", "Component Rendering"],
          "fullName": "TerraPet Homepage Component Tests Component Rendering should render the PublicHero component with correct data",
          "status": "passed",
          "title": "should render the PublicHero component with correct data",
          "duration": 26.695200000000114,
          "failureMessages": [],
          "meta": {}
        },
        {
          "ancestorTitles": ["TerraPet Homepage Component Tests", "Promo Banner Section"],
          "fullName": "TerraPet Homepage Component Tests Promo Banner Section should render promo banner when enabled",
          "status": "passed",
          "title": "should render promo banner when enabled",
          "duration": 18.682700000000068,
          "failureMessages": [],
          "meta": {}
        },
        {
          "ancestorTitles": ["TerraPet Homepage Component Tests", "Promo Banner Section"],
          "fullName": "TerraPet Homepage Component Tests Promo Banner Section should NOT render promo banner when disabled",
          "status": "passed",
          "title": "should NOT render promo banner when disabled",
          "duration": 18.80930000000012,
          "failureMessages": [],
          "meta": {}
        },
        {
          "ancestorTitles": ["TerraPet Homepage Component Tests", "Features Section"],
          "fullName": "TerraPet Homepage Component Tests Features Section should render features section with correct title",
          "status": "passed",
          "title": "should render features section with correct title",
          "duration": 28.007000000000062,
          "failureMessages": [],
          "meta": {}
        },
        {
          "ancestorTitles": ["TerraPet Homepage Component Tests", "Features Section"],
          "fullName": "TerraPet Homepage Component Tests Features Section should render all 3 features with correct data",
          "status": "passed",
          "title": "should render all 3 features with correct data",
          "duration": 36.0299,
          "failureMessages": [],
          "meta": {}
        },
        {
          "ancestorTitles": ["TerraPet Homepage Component Tests", "Features Section"],
          "fullName": "TerraPet Homepage Component Tests Features Section should verify bug fix: all features have descriptions",
          "status": "passed",
          "title": "should verify bug fix: all features have descriptions",
          "duration": 27.605599999999868,
          "failureMessages": [],
          "meta": {}
        },
        {
          "ancestorTitles": ["TerraPet Homepage Component Tests", "Features Section"],
          "fullName": "TerraPet Homepage Component Tests Features Section should render correct number of feature cards",
          "status": "passed",
          "title": "should render correct number of feature cards",
          "duration": 33.22829999999999,
          "failureMessages": [],
          "meta": {}
        },
        {
          "ancestorTitles": ["TerraPet Homepage Component Tests", "Interactive Tools Section"],
          "fullName": "TerraPet Homepage Component Tests Interactive Tools Section should render interactive tools section when present",
          "status": "passed",
          "title": "should render interactive tools section when present",
          "duration": 16.126800000000003,
          "failureMessages": [],
          "meta": {}
        },
        {
          "ancestorTitles": ["TerraPet Homepage Component Tests", "Interactive Tools Section"],
          "fullName": "TerraPet Homepage Component Tests Interactive Tools Section should render toxic food checker CTA link",
          "status": "passed",
          "title": "should render toxic food checker CTA link",
          "duration": 12.346299999999928,
          "failureMessages": [],
          "meta": {}
        },
        {
          "ancestorTitles": ["TerraPet Homepage Component Tests", "Interactive Tools Section"],
          "fullName": "TerraPet Homepage Component Tests Interactive Tools Section should NOT render interactive tools section when missing",
          "status": "passed",
          "title": "should NOT render interactive tools section when missing",
          "duration": 10.902599999999893,
          "failureMessages": [],
          "meta": {}
        },
        {
          "ancestorTitles": ["TerraPet Homepage Component Tests", "Testimonials Section"],
          "fullName": "TerraPet Homepage Component Tests Testimonials Section should render testimonials section when enabled",
          "status": "passed",
          "title": "should render testimonials section when enabled",
          "duration": 14.71140000000014,
          "failureMessages": [],
          "meta": {}
        },
        {
          "ancestorTitles": ["TerraPet Homepage Component Tests", "Testimonials Section"],
          "fullName": "TerraPet Homepage Component Tests Testimonials Section should render testimonial cards with author names",
          "status": "passed",
          "title": "should render testimonial cards with author names",
          "duration": 12.563599999999951,
          "failureMessages": [],
          "meta": {}
        },
        {
          "ancestorTitles": ["TerraPet Homepage Component Tests", "Testimonials Section"],
          "fullName": "TerraPet Homepage Component Tests Testimonials Section should render testimonial text content",
          "status": "passed",
          "title": "should render testimonial text content",
          "duration": 13.242700000000013,
          "failureMessages": [],
          "meta": {}
        },
        {
          "ancestorTitles": ["TerraPet Homepage Component Tests", "Testimonials Section"],
          "fullName": "TerraPet Homepage Component Tests Testimonials Section should NOT render testimonials section when disabled",
          "status": "passed",
          "title": "should NOT render testimonials section when disabled",
          "duration": 12.732799999999997,
          "failureMessages": [],
          "meta": {}
        },
        {
          "ancestorTitles": ["TerraPet Homepage Component Tests", "Contact/Location Section"],
          "fullName": "TerraPet Homepage Component Tests Contact/Location Section should render contact section with title",
          "status": "passed",
          "title": "should render contact section with title",
          "duration": 13.925400000000081,
          "failureMessages": [],
          "meta": {}
        },
        {
          "ancestorTitles": ["TerraPet Homepage Component Tests", "Contact/Location Section"],
          "fullName": "TerraPet Homepage Component Tests Contact/Location Section should render contact information cards",
          "status": "passed",
          "title": "should render contact information cards",
          "duration": 12.28950000000009,
          "failureMessages": [],
          "meta": {}
        },
        {
          "ancestorTitles": ["TerraPet Homepage Component Tests", "Contact/Location Section"],
          "fullName": "TerraPet Homepage Component Tests Contact/Location Section should render appointment form",
          "status": "passed",
          "title": "should render appointment form",
          "duration": 11.338999999999942,
          "failureMessages": [],
          "meta": {}
        },
        {
          "ancestorTitles": ["TerraPet Homepage Component Tests", "Contact/Location Section"],
          "fullName": "TerraPet Homepage Component Tests Contact/Location Section should render location map when coordinates provided",
          "status": "passed",
          "title": "should render location map when coordinates provided",
          "duration": 12.413800000000037,
          "failureMessages": [],
          "meta": {}
        },
        {
          "ancestorTitles": ["TerraPet Homepage Component Tests", "Spanish Language Content"],
          "fullName": "TerraPet Homepage Component Tests Spanish Language Content should display all user-facing text in Spanish",
          "status": "passed",
          "title": "should display all user-facing text in Spanish",
          "duration": 10.2496000000001,
          "failureMessages": [],
          "meta": {}
        },
        {
          "ancestorTitles": [
            "TerraPet Homepage Component Tests",
            "Theme CSS Variables Application"
          ],
          "fullName": "TerraPet Homepage Component Tests Theme CSS Variables Application should use CSS variables for colors",
          "status": "passed",
          "title": "should use CSS variables for colors",
          "duration": 9.581299999999828,
          "failureMessages": [],
          "meta": {}
        },
        {
          "ancestorTitles": ["TerraPet Homepage Component Tests", "Error Handling"],
          "fullName": "TerraPet Homepage Component Tests Error Handling should handle missing clinic data gracefully",
          "status": "passed",
          "title": "should handle missing clinic data gracefully",
          "duration": 0.6601000000000568,
          "failureMessages": [],
          "meta": {}
        }
      ],
      "startTime": 1769171737204,
      "endTime": 1769171737595.6602,
      "status": "passed",
      "message": "",
      "name": "C:/Users/Alejandro/Documents/Ivan/Adris/Vete/web/tests/components/terrapet-homepage.test.tsx"
    },
    {
      "assertionResults": [
        {
          "ancestorTitles": ["TerraPet Services Page Component Tests", "Page Structure"],
          "fullName": "TerraPet Services Page Component Tests Page Structure should render the services page without errors",
          "status": "passed",
          "title": "should render the services page without errors",
          "duration": 89.3331999999998,
          "failureMessages": [],
          "meta": {}
        },
        {
          "ancestorTitles": ["TerraPet Services Page Component Tests", "Page Structure"],
          "fullName": "TerraPet Services Page Component Tests Page Structure should call getClinicData with correct clinic slug",
          "status": "passed",
          "title": "should call getClinicData with correct clinic slug",
          "duration": 2.360500000000002,
          "failureMessages": [],
          "meta": {}
        },
        {
          "ancestorTitles": ["TerraPet Services Page Component Tests", "Page Structure"],
          "fullName": "TerraPet Services Page Component Tests Page Structure should render the page title from services meta",
          "status": "passed",
          "title": "should render the page title from services meta",
          "duration": 16.205999999999904,
          "failureMessages": [],
          "meta": {}
        },
        {
          "ancestorTitles": ["TerraPet Services Page Component Tests", "Page Structure"],
          "fullName": "TerraPet Services Page Component Tests Page Structure should render the page subtitle from services meta",
          "status": "passed",
          "title": "should render the page subtitle from services meta",
          "duration": 8.972600000000057,
          "failureMessages": [],
          "meta": {}
        },
        {
          "ancestorTitles": [
            "TerraPet Services Page Component Tests",
            "ServicesGrid Component Integration"
          ],
          "fullName": "TerraPet Services Page Component Tests ServicesGrid Component Integration should render ServicesGrid component",
          "status": "passed",
          "title": "should render ServicesGrid component",
          "duration": 7.332999999999856,
          "failureMessages": [],
          "meta": {}
        },
        {
          "ancestorTitles": [
            "TerraPet Services Page Component Tests",
            "ServicesGrid Component Integration"
          ],
          "fullName": "TerraPet Services Page Component Tests ServicesGrid Component Integration should pass all 9 services to ServicesGrid",
          "status": "passed",
          "title": "should pass all 9 services to ServicesGrid",
          "duration": 8.201199999999972,
          "failureMessages": [],
          "meta": {}
        },
        {
          "ancestorTitles": [
            "TerraPet Services Page Component Tests",
            "ServicesGrid Component Integration"
          ],
          "fullName": "TerraPet Services Page Component Tests ServicesGrid Component Integration should pass clinic config to ServicesGrid",
          "status": "passed",
          "title": "should pass clinic config to ServicesGrid",
          "duration": 5.973100000000159,
          "failureMessages": [],
          "meta": {}
        },
        {
          "ancestorTitles": ["TerraPet Services Page Component Tests", "All Services Rendering"],
          "fullName": "TerraPet Services Page Component Tests All Services Rendering should render all 9 TerraPet services",
          "status": "passed",
          "title": "should render all 9 TerraPet services",
          "duration": 9.491600000000062,
          "failureMessages": [],
          "meta": {}
        },
        {
          "ancestorTitles": ["TerraPet Services Page Component Tests", "All Services Rendering"],
          "fullName": "TerraPet Services Page Component Tests All Services Rendering should render Consultas Veterinarias service",
          "status": "passed",
          "title": "should render Consultas Veterinarias service",
          "duration": 7.1521999999999935,
          "failureMessages": [],
          "meta": {}
        },
        {
          "ancestorTitles": ["TerraPet Services Page Component Tests", "All Services Rendering"],
          "fullName": "TerraPet Services Page Component Tests All Services Rendering should render Vacunación service",
          "status": "passed",
          "title": "should render Vacunación service",
          "duration": 6.906500000000051,
          "failureMessages": [],
          "meta": {}
        },
        {
          "ancestorTitles": ["TerraPet Services Page Component Tests", "All Services Rendering"],
          "fullName": "TerraPet Services Page Component Tests All Services Rendering should render Desparasitación service",
          "status": "passed",
          "title": "should render Desparasitación service",
          "duration": 7.798900000000003,
          "failureMessages": [],
          "meta": {}
        },
        {
          "ancestorTitles": ["TerraPet Services Page Component Tests", "All Services Rendering"],
          "fullName": "TerraPet Services Page Component Tests All Services Rendering should render Control de Peso service",
          "status": "passed",
          "title": "should render Control de Peso service",
          "duration": 9.293899999999894,
          "failureMessages": [],
          "meta": {}
        },
        {
          "ancestorTitles": ["TerraPet Services Page Component Tests", "All Services Rendering"],
          "fullName": "TerraPet Services Page Component Tests All Services Rendering should render Peluquería / Grooming service",
          "status": "passed",
          "title": "should render Peluquería / Grooming service",
          "duration": 6.033200000000079,
          "failureMessages": [],
          "meta": {}
        },
        {
          "ancestorTitles": ["TerraPet Services Page Component Tests", "All Services Rendering"],
          "fullName": "TerraPet Services Page Component Tests All Services Rendering should render Baño service",
          "status": "passed",
          "title": "should render Baño service",
          "duration": 6.4517000000000735,
          "failureMessages": [],
          "meta": {}
        },
        {
          "ancestorTitles": ["TerraPet Services Page Component Tests", "All Services Rendering"],
          "fullName": "TerraPet Services Page Component Tests All Services Rendering should render Microchip / Identificación service",
          "status": "passed",
          "title": "should render Microchip / Identificación service",
          "duration": 4.88779999999997,
          "failureMessages": [],
          "meta": {}
        },
        {
          "ancestorTitles": ["TerraPet Services Page Component Tests", "All Services Rendering"],
          "fullName": "TerraPet Services Page Component Tests All Services Rendering should render Certificados service",
          "status": "passed",
          "title": "should render Certificados service",
          "duration": 4.68119999999999,
          "failureMessages": [],
          "meta": {}
        },
        {
          "ancestorTitles": ["TerraPet Services Page Component Tests", "All Services Rendering"],
          "fullName": "TerraPet Services Page Component Tests All Services Rendering should render Eutanasia Humanitaria service",
          "status": "passed",
          "title": "should render Eutanasia Humanitaria service",
          "duration": 4.222999999999956,
          "failureMessages": [],
          "meta": {}
        },
        {
          "ancestorTitles": ["TerraPet Services Page Component Tests", "Service Categories"],
          "fullName": "TerraPet Services Page Component Tests Service Categories should have medical category services",
          "status": "passed",
          "title": "should have medical category services",
          "duration": 3.7110999999999876,
          "failureMessages": [],
          "meta": {}
        },
        {
          "ancestorTitles": ["TerraPet Services Page Component Tests", "Service Categories"],
          "fullName": "TerraPet Services Page Component Tests Service Categories should have preventative category services",
          "status": "passed",
          "title": "should have preventative category services",
          "duration": 3.6403000000000247,
          "failureMessages": [],
          "meta": {}
        },
        {
          "ancestorTitles": ["TerraPet Services Page Component Tests", "Service Categories"],
          "fullName": "TerraPet Services Page Component Tests Service Categories should have cosmetic category services",
          "status": "passed",
          "title": "should have cosmetic category services",
          "duration": 4.203800000000001,
          "failureMessages": [],
          "meta": {}
        },
        {
          "ancestorTitles": ["TerraPet Services Page Component Tests", "Service Categories"],
          "fullName": "TerraPet Services Page Component Tests Service Categories should have administrative category services",
          "status": "passed",
          "title": "should have administrative category services",
          "duration": 3.7373999999999796,
          "failureMessages": [],
          "meta": {}
        },
        {
          "ancestorTitles": ["TerraPet Services Page Component Tests", "Service Variants"],
          "fullName": "TerraPet Services Page Component Tests Service Variants should have Consulta a Domicilio variant in consultation service",
          "status": "passed",
          "title": "should have Consulta a Domicilio variant in consultation service",
          "duration": 0.30530000000021573,
          "failureMessages": [],
          "meta": {}
        },
        {
          "ancestorTitles": ["TerraPet Services Page Component Tests", "Service Variants"],
          "fullName": "TerraPet Services Page Component Tests Service Variants should have 3 vaccination variants",
          "status": "passed",
          "title": "should have 3 vaccination variants",
          "duration": 0.6833000000001448,
          "failureMessages": [],
          "meta": {}
        },
        {
          "ancestorTitles": ["TerraPet Services Page Component Tests", "Service Variants"],
          "fullName": "TerraPet Services Page Component Tests Service Variants should have 2 deworming variants",
          "status": "passed",
          "title": "should have 2 deworming variants",
          "duration": 0.24060000000008586,
          "failureMessages": [],
          "meta": {}
        },
        {
          "ancestorTitles": ["TerraPet Services Page Component Tests", "Service Variants"],
          "fullName": "TerraPet Services Page Component Tests Service Variants should have 2 certificate variants",
          "status": "passed",
          "title": "should have 2 certificate variants",
          "duration": 0.23329999999987194,
          "failureMessages": [],
          "meta": {}
        },
        {
          "ancestorTitles": [
            "TerraPet Services Page Component Tests",
            "Online Booking Configuration"
          ],
          "fullName": "TerraPet Services Page Component Tests Online Booking Configuration should mark 8 services as online booking enabled",
          "status": "passed",
          "title": "should mark 8 services as online booking enabled",
          "duration": 0.203899999999976,
          "failureMessages": [],
          "meta": {}
        },
        {
          "ancestorTitles": [
            "TerraPet Services Page Component Tests",
            "Online Booking Configuration"
          ],
          "fullName": "TerraPet Services Page Component Tests Online Booking Configuration should mark euthanasia as NOT online booking enabled",
          "status": "passed",
          "title": "should mark euthanasia as NOT online booking enabled",
          "duration": 0.116800000000012,
          "failureMessages": [],
          "meta": {}
        },
        {
          "ancestorTitles": [
            "TerraPet Services Page Component Tests",
            "Online Booking Configuration"
          ],
          "fullName": "TerraPet Services Page Component Tests Online Booking Configuration should have no services marked as emergency available",
          "status": "passed",
          "title": "should have no services marked as emergency available",
          "duration": 0.20249999999987267,
          "failureMessages": [],
          "meta": {}
        },
        {
          "ancestorTitles": ["TerraPet Services Page Component Tests", "WhatsApp Floating CTA"],
          "fullName": "TerraPet Services Page Component Tests WhatsApp Floating CTA should render WhatsApp floating button",
          "status": "passed",
          "title": "should render WhatsApp floating button",
          "duration": 8.803099999999858,
          "failureMessages": [],
          "meta": {}
        },
        {
          "ancestorTitles": ["TerraPet Services Page Component Tests", "WhatsApp Floating CTA"],
          "fullName": "TerraPet Services Page Component Tests WhatsApp Floating CTA should use correct WhatsApp number",
          "status": "passed",
          "title": "should use correct WhatsApp number",
          "duration": 3.4354000000000724,
          "failureMessages": [],
          "meta": {}
        },
        {
          "ancestorTitles": ["TerraPet Services Page Component Tests", "WhatsApp Floating CTA"],
          "fullName": "TerraPet Services Page Component Tests WhatsApp Floating CTA should display booking button text",
          "status": "passed",
          "title": "should display booking button text",
          "duration": 3.0620000000001255,
          "failureMessages": [],
          "meta": {}
        },
        {
          "ancestorTitles": ["TerraPet Services Page Component Tests", "Service Details"],
          "fullName": "TerraPet Services Page Component Tests Service Details should have duration specified for all services",
          "status": "passed",
          "title": "should have duration specified for all services",
          "duration": 0.3246999999998934,
          "failureMessages": [],
          "meta": {}
        },
        {
          "ancestorTitles": ["TerraPet Services Page Component Tests", "Service Details"],
          "fullName": "TerraPet Services Page Component Tests Service Details should have includes array for all services",
          "status": "passed",
          "title": "should have includes array for all services",
          "duration": 0.7457000000001699,
          "failureMessages": [],
          "meta": {}
        },
        {
          "ancestorTitles": ["TerraPet Services Page Component Tests", "Service Details"],
          "fullName": "TerraPet Services Page Component Tests Service Details should have description for all services",
          "status": "passed",
          "title": "should have description for all services",
          "duration": 0.5158000000001266,
          "failureMessages": [],
          "meta": {}
        },
        {
          "ancestorTitles": ["TerraPet Services Page Component Tests", "Spanish Language Content"],
          "fullName": "TerraPet Services Page Component Tests Spanish Language Content should display all service names in Spanish",
          "status": "passed",
          "title": "should display all service names in Spanish",
          "duration": 10.150300000000016,
          "failureMessages": [],
          "meta": {}
        },
        {
          "ancestorTitles": ["TerraPet Services Page Component Tests", "Spanish Language Content"],
          "fullName": "TerraPet Services Page Component Tests Spanish Language Content should have page title in Spanish",
          "status": "passed",
          "title": "should have page title in Spanish",
          "duration": 4.236000000000104,
          "failureMessages": [],
          "meta": {}
        },
        {
          "ancestorTitles": ["TerraPet Services Page Component Tests", "Error Handling"],
          "fullName": "TerraPet Services Page Component Tests Error Handling should handle missing clinic data gracefully",
          "status": "passed",
          "title": "should handle missing clinic data gracefully",
          "duration": 0.49480000000016844,
          "failureMessages": [],
          "meta": {}
        }
      ],
      "startTime": 1769171737178,
      "endTime": 1769171737434.4949,
      "status": "passed",
      "message": "",
      "name": "C:/Users/Alejandro/Documents/Ivan/Adris/Vete/web/tests/components/terrapet-services.test.tsx"
    }
  ]
}
